device = 0
subdevice = 0
stream = 0
card = 0
id = 'VT1708S Analog'
name = 'VT1708S Analog'
subname = 'subdevice #0'
dev_class = 0
dev_subclass = 0
subdevices_count = 1
subdevices_avail = 0
access = 0000000000000008
format = 0000000000000004
subformat = 0000000000000001
sample_bits = (16,16) omin=0 omax=0 int=1 empty=0
frame_bits = (32,32) omin=0 omax=0 int=1 empty=0
channels = (2,2) omin=0 omax=0 int=1 empty=0
rate = (44100,44100) omin=0 omax=0 int=1 empty=0
period_time = (23219,23220) omin=1 omax=1 int=0 empty=0
period_size = (1024,1024) omin=0 omax=0 int=1 empty=0
period_bytes = (4096,4096) omin=0 omax=0 int=1 empty=0
periods = (2,2) omin=0 omax=0 int=1 empty=0
buffer_time = (46439,46440) omin=1 omax=1 int=0 empty=0
buffer_size = (2048,2048) omin=0 omax=0 int=1 empty=0
buffer_bytes = (8192,8192) omin=0 omax=0 int=1 empty=0
tick_time = (0,0) omin=0 omax=0 int=1 empty=0
